<?xml version="1.0" encoding="UTF-8"?>
<!-- Generated by org.testng.reporters.JUnitReportReporter -->
<testsuite skipped="0" hostname="DEVBHUMI" name="test.Test1" tests="1" failures="0" timestamp="30 Jan 2022 17:12:34 GMT" time="12.142" errors="0">
  <testcase name="userAddingCategory" time="12.142" classname="test.Test1"/>
</testsuite> <!-- test.Test1 -->
