<?xml version="1.0" encoding="UTF-8"?>
<!-- Generated by org.testng.reporters.JUnitReportReporter -->
<testsuite skipped="0" hostname="DEVBHUMI" name="test.Test2" tests="1" failures="0" timestamp="30 Jan 2022 17:12:59 GMT" time="10.597" errors="0">
  <testcase name="verifyingExistingCategory" time="10.597" classname="test.Test2"/>
</testsuite> <!-- test.Test2 -->
