<?xml version="1.0" encoding="UTF-8"?>
<!-- Generated by org.testng.reporters.JUnitReportReporter -->
<testsuite skipped="0" hostname="DEVBHUMI" name="test.Test3" tests="1" failures="0" timestamp="30 Jan 2022 17:13:22 GMT" time="8.061" errors="0">
  <testcase name="verifyingAllMonthsDropdown" time="8.061" classname="test.Test3"/>
</testsuite> <!-- test.Test3 -->
